0 info it worked if it ends with ok
1 verbose cli [ '/Users/danielwilliams/.nvm/versions/node/v6.7.0/bin/node',
1 verbose cli   '/Users/danielwilliams/.nvm/versions/node/v6.7.0/bin/npm',
1 verbose cli   'run',
1 verbose cli   'uswds-watch' ]
2 info using npm@3.10.3
3 info using node@v6.7.0
4 verbose run-script [ 'preuswds-watch', 'uswds-watch', 'postuswds-watch' ]
5 info lifecycle uswds-sandbox@~preuswds-watch: uswds-sandbox@
6 silly lifecycle uswds-sandbox@~preuswds-watch: no script for preuswds-watch, continuing
7 info lifecycle uswds-sandbox@~uswds-watch: uswds-sandbox@
8 verbose lifecycle uswds-sandbox@~uswds-watch: unsafe-perm in lifecycle true
9 verbose lifecycle uswds-sandbox@~uswds-watch: PATH: /Users/danielwilliams/.nvm/versions/node/v6.7.0/lib/node_modules/npm/bin/node-gyp-bin:/Users/danielwilliams/code/18f/uswds-sandbox/node_modules/.bin:/Users/danielwilliams/.nvm/versions/node/v6.7.0/bin:/Users/danielwilliams/.rvm/gems/ruby-2.4.2/bin:/Users/danielwilliams/.rvm/gems/ruby-2.4.2@global/bin:/Users/danielwilliams/.rvm/rubies/ruby-2.4.2/bin:/Users/danielwilliams/.nvm/versions/node/v6.7.0/bin:/Users/danielwilliams/.npm-packages/bin:/usr/local/bin:/usr/bin:/bin:/usr/sbin:/sbin:/usr/local/go/bin:/Users/danielwilliams/.rvm/gems/ruby-2.3.0/bin:/Users/danielwilliams/.rvm/gems/ruby-2.3.0@global/bin:/Users/danielwilliams/.rvm/rubies/ruby-2.3.0/bin:/usr/local/Cellar/pyenv-virtualenv/20160315/shims:/Users/danielwilliams/.pyenv/shims:/usr/local/bin:/Users/danielwilliams/.bin:/usr/local/bin:/usr/bin:/bin:/usr/sbin:/sbin:/Users/danielwilliams/.rvm/bin:/Users/danielwilliams/.rvm/bin
10 verbose lifecycle uswds-sandbox@~uswds-watch: CWD: /Users/danielwilliams/code/18f/uswds-sandbox
11 silly lifecycle uswds-sandbox@~uswds-watch: Args: [ '-c', 'gulp watch' ]
12 silly lifecycle uswds-sandbox@~uswds-watch: Returned: code: 1  signal: null
13 info lifecycle uswds-sandbox@~uswds-watch: Failed to exec uswds-watch script
14 verbose stack Error: uswds-sandbox@ uswds-watch: `gulp watch`
14 verbose stack Exit status 1
14 verbose stack     at EventEmitter.<anonymous> (/Users/danielwilliams/.nvm/versions/node/v6.7.0/lib/node_modules/npm/lib/utils/lifecycle.js:242:16)
14 verbose stack     at emitTwo (events.js:106:13)
14 verbose stack     at EventEmitter.emit (events.js:191:7)
14 verbose stack     at ChildProcess.<anonymous> (/Users/danielwilliams/.nvm/versions/node/v6.7.0/lib/node_modules/npm/lib/utils/spawn.js:40:14)
14 verbose stack     at emitTwo (events.js:106:13)
14 verbose stack     at ChildProcess.emit (events.js:191:7)
14 verbose stack     at maybeClose (internal/child_process.js:877:16)
14 verbose stack     at Process.ChildProcess._handle.onexit (internal/child_process.js:226:5)
15 verbose pkgid uswds-sandbox@
16 verbose cwd /Users/danielwilliams/code/18f/uswds-sandbox
17 error Darwin 16.7.0
18 error argv "/Users/danielwilliams/.nvm/versions/node/v6.7.0/bin/node" "/Users/danielwilliams/.nvm/versions/node/v6.7.0/bin/npm" "run" "uswds-watch"
19 error node v6.7.0
20 error npm  v3.10.3
21 error code ELIFECYCLE
22 error uswds-sandbox@ uswds-watch: `gulp watch`
22 error Exit status 1
23 error Failed at the uswds-sandbox@ uswds-watch script 'gulp watch'.
23 error Make sure you have the latest version of node.js and npm installed.
23 error If you do, this is most likely a problem with the uswds-sandbox package,
23 error not with npm itself.
23 error Tell the author that this fails on your system:
23 error     gulp watch
23 error You can get information on how to open an issue for this project with:
23 error     npm bugs uswds-sandbox
23 error Or if that isn't available, you can get their info via:
23 error     npm owner ls uswds-sandbox
23 error There is likely additional logging output above.
24 verbose exit [ 1, true ]
